[03/Mar/2020:07:58:20] (ℹ️): WordPress Instance Info:
[03/Mar/2020:07:58:20] (ℹ️): Home URL : https://easternafricajesuits.org/EAJS
[03/Mar/2020:07:58:20] (ℹ️): Site URL : https://easternafricajesuits.org/EAJS
[03/Mar/2020:07:58:20] (ℹ️): WordPress Version : 5.3.2
[03/Mar/2020:07:58:20] (ℹ️): Onboarding Version : 1.8.2
[03/Mar/2020:07:58:20] (ℹ️): Multisite : Yes
[03/Mar/2020:07:58:20] (ℹ️): Server Info : Apache
[03/Mar/2020:07:58:20] (ℹ️): PHP Version : 7.1.24
[03/Mar/2020:07:58:20] (ℹ️): HTTPS : Yes
[03/Mar/2020:07:58:20] (ℹ️): PHP Max Execution Time : 30
[03/Mar/2020:07:58:20] (ℹ️): PHP Max Input Vars : 1000
[03/Mar/2020:07:58:20] (ℹ️): Max Upload Size : 1536000
[03/Mar/2020:07:58:20] (ℹ️): Plugins:
[03/Mar/2020:07:58:20] (ℹ️): [PLUGIN] Akismet Anti-Spam : v4.1.3 (Automattic)
[03/Mar/2020:07:58:20] (ℹ️): [PLUGIN] MapSVG : v5.12.5 (Roman S. Stepanov)
[03/Mar/2020:07:58:20] (ℹ️): [PLUGIN] Essential Grid : v2.3.6 (ThemePunch)
[03/Mar/2020:07:58:20] (ℹ️): [PLUGIN] Element Pack : v4.5.0 (BdThemes)
[03/Mar/2020:07:58:20] (ℹ️): [PLUGIN] Envato Elements : v1.1.8 (Envato)
[03/Mar/2020:07:58:20] (ℹ️): [PLUGIN] Elementor Pro : v2.8.3 (Elementor.com)
[03/Mar/2020:07:58:20] (ℹ️): [PLUGIN] Elementor : v2.9.3 (Elementor.com)
[03/Mar/2020:07:58:20] (ℹ️): [PLUGIN] Neve Pro Addon : v1.1.5 (ThemeIsle)
[03/Mar/2020:07:58:20] (ℹ️): [PLUGIN] dflip : v1.5.6 (DearHive)
[03/Mar/2020:07:58:20] (ℹ️): [PLUGIN] TranslatePress - Multilingual : v1.6.5 (Cozmoslabs, Razvan Mocanu, Madalin Ungureanu, Cristophor Hurduban)
[03/Mar/2020:07:58:20] (ℹ️): [PLUGIN] TranslatePress - SEO Pack Add-on : v1.1.9 (Cozmoslabs, Razvan Mocanu)
[03/Mar/2020:07:58:20] (ℹ️): [PLUGIN] TranslatePress - Language by GET parameter Add-on : v1.0.3 (Cozmoslabs, Razvan Mocanu)
[03/Mar/2020:07:58:20] (ℹ️): [PLUGIN] TranslatePress - Extra Languages Add-on : v1.0.1 (Cozmoslabs, Razvan Mocanu)
[03/Mar/2020:07:58:20] (ℹ️): [PLUGIN] Groovy Menu : v1.9.8.7 (Grooni)
[03/Mar/2020:07:58:20] (ℹ️): [PLUGIN] Smush Pro : v3.5.1 (WPMU DEV)
[03/Mar/2020:07:58:20] (ℹ️): [PLUGIN] The Events Calendar PRO : v5.0.2 (Modern Tribe, Inc.)
[03/Mar/2020:07:58:20] (ℹ️): [PLUGIN] The Events Calendar : v5.0.2.1 (Modern Tribe, Inc.)
[03/Mar/2020:07:58:20] (ℹ️): [PLUGIN] Posts Table Pro : v2.1.5 (Barn2 Media)
